TN:
SF:src/api/fetcher.ts
FN:4,apiFetch
FNF:1
FNH:1
FNDA:6,apiFetch
DA:8,6
DA:10,6
DA:19,6
DA:20,1
DA:21,1
DA:22,1
DA:25,5
LF:7
LH:7
BRDA:6,0,0,6
BRDA:14,1,0,3
BRDA:14,1,1,3
BRDA:19,2,0,1
BRDA:19,2,1,5
BRF:5
BRH:5
end_of_record
TN:
SF:src/auth/ProtectedRoute.tsx
FN:5,ProtectedRoute
FNF:1
FNH:1
FNDA:2,ProtectedRoute
DA:6,2
DA:7,1
DA:10,1
LF:3
LH:3
BRDA:6,0,0,1
BRDA:6,0,1,1
BRF:2
BRH:2
end_of_record
TN:
SF:src/auth/token.ts
FN:1,getAccessToken
FN:5,isAuthenticated
FN:9,logout
FNF:3
FNH:3
FNDA:5,getAccessToken
FNDA:3,isAuthenticated
FNDA:1,logout
DA:2,5
DA:6,3
DA:10,1
LF:3
LH:3
BRF:0
BRH:0
end_of_record
TN:
SF:src/components/AddCardComposer/AddCardComposer.tsx
FN:4,IconX
FN:18,AddCardComposer
FN:37,(anonymous_2)
FN:38,(anonymous_3)
FN:56,(anonymous_4)
FN:57,(anonymous_5)
FNF:6
FNH:0
FNDA:0,IconX
FNDA:0,AddCardComposer
FNDA:0,(anonymous_2)
FNDA:0,(anonymous_3)
FNDA:0,(anonymous_4)
FNDA:0,(anonymous_5)
DA:5,0
DA:35,0
DA:37,0
DA:38,0
DA:41,0
DA:42,0
DA:49,0
DA:56,0
DA:58,0
DA:59,0
LF:10
LH:0
BRDA:25,0,0,0
BRDA:38,1,0,0
BRDA:38,1,1,0
BRDA:41,2,0,0
BRDA:41,2,1,0
BRDA:58,3,0,0
BRDA:58,3,1,0
BRDA:59,4,0,0
BRDA:59,4,1,0
BRDA:64,5,0,0
BRDA:64,5,1,0
BRF:11
BRH:0
end_of_record
TN:
SF:src/components/AddListComposer/AddListComposer.tsx
FN:4,IconX
FN:18,AddListComposer
FN:36,(anonymous_2)
FN:37,(anonymous_3)
FN:40,(anonymous_4)
FN:45,onPointerDown
FN:53,(anonymous_6)
FN:69,(anonymous_7)
FN:70,(anonymous_8)
FNF:9
FNH:0
FNDA:0,IconX
FNDA:0,AddListComposer
FNDA:0,(anonymous_2)
FNDA:0,(anonymous_3)
FNDA:0,(anonymous_4)
FNDA:0,onPointerDown
FNDA:0,(anonymous_6)
FNDA:0,(anonymous_7)
FNDA:0,(anonymous_8)
DA:5,0
DA:33,0
DA:34,0
DA:36,0
DA:37,0
DA:40,0
DA:41,0
DA:43,0
DA:46,0
DA:47,0
DA:49,0
DA:52,0
DA:53,0
DA:56,0
DA:69,0
DA:71,0
DA:72,0
LF:17
LH:0
BRDA:37,0,0,0
BRDA:37,0,1,0
BRDA:41,1,0,0
BRDA:41,1,1,0
BRDA:49,2,0,0
BRDA:49,2,1,0
BRDA:49,3,0,0
BRDA:49,3,1,0
BRDA:58,4,0,0
BRDA:58,4,1,0
BRDA:71,5,0,0
BRDA:71,5,1,0
BRDA:72,6,0,0
BRDA:72,6,1,0
BRF:14
BRH:0
end_of_record
TN:
SF:src/components/BoardCard/BoardCard.tsx
FN:15,BoardCard
FN:17,(anonymous_1)
FN:28,(anonymous_2)
FNF:3
FNH:3
FNDA:1,BoardCard
FNDA:6,(anonymous_1)
FNDA:2,(anonymous_2)
DA:16,1
DA:17,6
DA:19,1
DA:29,2
LF:4
LH:4
BRDA:16,0,0,1
BRDA:16,0,1,0
BRDA:26,1,0,1
BRDA:26,1,1,1
BRF:4
BRH:3
end_of_record
TN:
SF:src/components/BoardKanban/BoardKanban.tsx
FN:18,BoardKanban
FN:63,(anonymous_1)
FN:66,(anonymous_2)
FN:72,isListDropId
FN:76,listIdFromDropId
FN:80,findCardContainer
FN:82,(anonymous_6)
FN:87,handleDragStart
FN:92,handleDragOver
FN:113,(anonymous_9)
FN:124,handleDragEndInternal
FN:148,(anonymous_11)
FN:152,(anonymous_12)
FN:156,(anonymous_13)
FN:162,(anonymous_14)
FN:165,(anonymous_15)
FN:166,(anonymous_16)
FN:176,(anonymous_17)
FN:181,handleDragEnd
FN:200,(anonymous_19)
FN:202,(anonymous_20)
FN:221,(anonymous_21)
FN:230,AddListComposerBridge
FN:242,(anonymous_23)
FN:244,(anonymous_24)
FN:248,(anonymous_25)
FNF:26
FNH:0
FNDA:0,BoardKanban
FNDA:0,(anonymous_1)
FNDA:0,(anonymous_2)
FNDA:0,isListDropId
FNDA:0,listIdFromDropId
FNDA:0,findCardContainer
FNDA:0,(anonymous_6)
FNDA:0,handleDragStart
FNDA:0,handleDragOver
FNDA:0,(anonymous_9)
FNDA:0,handleDragEndInternal
FNDA:0,(anonymous_11)
FNDA:0,(anonymous_12)
FNDA:0,(anonymous_13)
FNDA:0,(anonymous_14)
FNDA:0,(anonymous_15)
FNDA:0,(anonymous_16)
FNDA:0,(anonymous_17)
FNDA:0,handleDragEnd
FNDA:0,(anonymous_19)
FNDA:0,(anonymous_20)
FNDA:0,(anonymous_21)
FNDA:0,AddListComposerBridge
FNDA:0,(anonymous_23)
FNDA:0,(anonymous_24)
FNDA:0,(anonymous_25)
DA:60,0
DA:61,0
DA:63,0
DA:64,0
DA:65,0
DA:66,0
DA:67,0
DA:69,0
DA:73,0
DA:77,0
DA:81,0
DA:82,0
DA:84,0
DA:88,0
DA:89,0
DA:93,0
DA:94,0
DA:96,0
DA:97,0
DA:99,0
DA:100,0
DA:102,0
DA:104,0
DA:105,0
DA:106,0
DA:107,0
DA:109,0
DA:111,0
DA:112,0
DA:113,0
DA:116,0
DA:117,0
DA:119,0
DA:121,0
DA:125,0
DA:126,0
DA:128,0
DA:129,0
DA:130,0
DA:132,0
DA:133,0
DA:134,0
DA:137,0
DA:139,0
DA:140,0
DA:141,0
DA:142,0
DA:144,0
DA:145,0
DA:147,0
DA:148,0
DA:151,0
DA:152,0
DA:153,0
DA:154,0
DA:156,0
DA:158,0
DA:159,0
DA:162,0
DA:163,0
DA:165,0
DA:166,0
DA:168,0
DA:169,0
DA:171,0
DA:176,0
DA:178,0
DA:182,0
DA:183,0
DA:185,0
DA:186,0
DA:190,0
DA:200,0
DA:203,0
DA:235,0
DA:236,0
DA:238,0
DA:242,0
DA:245,0
DA:246,0
DA:249,0
DA:250,0
DA:251,0
DA:252,0
DA:253,0
LF:85
LH:0
BRDA:64,0,0,0
BRDA:64,0,1,0
BRDA:67,1,0,0
BRDA:67,1,1,0
BRDA:82,2,0,0
BRDA:82,2,1,0
BRDA:89,3,0,0
BRDA:89,3,1,0
BRDA:94,4,0,0
BRDA:94,4,1,0
BRDA:97,5,0,0
BRDA:97,5,1,0
BRDA:105,6,0,0
BRDA:105,6,1,0
BRDA:107,7,0,0
BRDA:107,7,1,0
BRDA:109,8,0,0
BRDA:109,8,1,0
BRDA:111,9,0,0
BRDA:111,9,1,0
BRDA:112,10,0,0
BRDA:112,10,1,0
BRDA:117,11,0,0
BRDA:117,11,1,0
BRDA:117,12,0,0
BRDA:117,12,1,0
BRDA:117,12,2,0
BRDA:117,12,3,0
BRDA:126,13,0,0
BRDA:126,13,1,0
BRDA:132,14,0,0
BRDA:132,14,1,0
BRDA:140,15,0,0
BRDA:140,15,1,0
BRDA:142,16,0,0
BRDA:142,16,1,0
BRDA:144,17,0,0
BRDA:144,17,1,0
BRDA:145,18,0,0
BRDA:145,18,1,0
BRDA:147,19,0,0
BRDA:147,19,1,0
BRDA:151,20,0,0
BRDA:151,20,1,0
BRDA:154,21,0,0
BRDA:154,21,1,0
BRDA:154,22,0,0
BRDA:154,22,1,0
BRDA:163,23,0,0
BRDA:163,23,1,0
BRDA:206,24,0,0
BRDA:206,24,1,0
BRDA:219,25,0,0
BRDA:219,25,1,0
BRDA:250,26,0,0
BRDA:250,26,1,0
BRF:56
BRH:0
end_of_record
TN:
SF:src/components/BoardList/BoardList.tsx
FN:21,IconDots
FN:31,IconTemplate
FN:51,IconX
FN:65,SortableCardItem
FN:95,BoardList
FN:127,(anonymous_5)
FN:127,(anonymous_6)
FN:136,(anonymous_7)
FN:149,(anonymous_8)
FN:157,(anonymous_9)
FN:157,(anonymous_10)
FN:167,(anonymous_11)
FN:181,(anonymous_12)
FN:184,(anonymous_13)
FN:185,(anonymous_14)
FN:193,(anonymous_15)
FNF:16
FNH:0
FNDA:0,IconDots
FNDA:0,IconTemplate
FNDA:0,IconX
FNDA:0,SortableCardItem
FNDA:0,BoardList
FNDA:0,(anonymous_5)
FNDA:0,(anonymous_6)
FNDA:0,(anonymous_7)
FNDA:0,(anonymous_8)
FNDA:0,(anonymous_9)
FNDA:0,(anonymous_10)
FNDA:0,(anonymous_11)
FNDA:0,(anonymous_12)
FNDA:0,(anonymous_13)
FNDA:0,(anonymous_14)
FNDA:0,(anonymous_15)
DA:22,0
DA:32,0
DA:52,0
DA:74,0
DA:79,0
DA:88,0
DA:110,0
DA:114,0
DA:124,0
DA:126,0
DA:127,0
DA:131,0
DA:132,0
DA:134,0
DA:137,0
DA:138,0
DA:149,0
DA:157,0
DA:168,0
DA:169,0
DA:181,0
DA:185,0
LF:22
LH:0
BRDA:81,0,0,0
BRDA:81,0,1,0
BRDA:81,1,0,0
BRDA:81,1,1,0
BRDA:85,2,0,0
BRDA:85,2,1,0
BRDA:162,3,0,0
BRDA:162,3,1,0
BRDA:189,4,0,0
BRDA:189,4,1,0
BRDA:203,5,0,0
BRDA:203,5,1,0
BRF:12
BRH:0
end_of_record
TN:
SF:src/components/BoardTopBar/BoardTopBar.tsx
FN:5,BoardTopBar
FN:17,(anonymous_1)
FN:20,onPointerDown
FN:29,(anonymous_3)
FN:94,(anonymous_4)
FN:94,(anonymous_5)
FN:108,(anonymous_6)
FNF:7
FNH:0
FNDA:0,BoardTopBar
FNDA:0,(anonymous_1)
FNDA:0,onPointerDown
FNDA:0,(anonymous_3)
FNDA:0,(anonymous_4)
FNDA:0,(anonymous_5)
FNDA:0,(anonymous_6)
DA:14,0
DA:15,0
DA:17,0
DA:18,0
DA:21,0
DA:22,0
DA:23,0
DA:25,0
DA:28,0
DA:29,0
DA:32,0
DA:94,0
DA:109,0
DA:110,0
LF:14
LH:0
BRDA:18,0,0,0
BRDA:18,0,1,0
BRDA:23,1,0,0
BRDA:23,1,1,0
BRDA:25,2,0,0
BRDA:25,2,1,0
BRDA:103,3,0,0
BRDA:103,3,1,0
BRF:8
BRH:0
end_of_record
TN:
SF:src/components/CardModal/CardModal.tsx
FN:9,IconDots
FN:19,CardModal
FN:42,(anonymous_2)
FN:44,(anonymous_3)
FN:46,toggleLabel
FN:54,(anonymous_5)
FN:55,onKeyDown
FN:59,(anonymous_7)
FN:62,(anonymous_8)
FN:63,(anonymous_9)
FN:66,(anonymous_10)
FN:69,(anonymous_11)
FN:74,(anonymous_12)
FN:79,onPointerDown
FN:87,(anonymous_14)
FN:90,(anonymous_15)
FN:91,(anonymous_16)
FN:100,(anonymous_17)
FN:128,(anonymous_18)
FN:128,(anonymous_19)
FN:138,(anonymous_20)
FN:168,(anonymous_21)
FN:168,(anonymous_22)
FN:179,(anonymous_23)
FN:207,(anonymous_24)
FNF:25
FNH:0
FNDA:0,IconDots
FNDA:0,CardModal
FNDA:0,(anonymous_2)
FNDA:0,(anonymous_3)
FNDA:0,toggleLabel
FNDA:0,(anonymous_5)
FNDA:0,onKeyDown
FNDA:0,(anonymous_7)
FNDA:0,(anonymous_8)
FNDA:0,(anonymous_9)
FNDA:0,(anonymous_10)
FNDA:0,(anonymous_11)
FNDA:0,(anonymous_12)
FNDA:0,onPointerDown
FNDA:0,(anonymous_14)
FNDA:0,(anonymous_15)
FNDA:0,(anonymous_16)
FNDA:0,(anonymous_17)
FNDA:0,(anonymous_18)
FNDA:0,(anonymous_19)
FNDA:0,(anonymous_20)
FNDA:0,(anonymous_21)
FNDA:0,(anonymous_22)
FNDA:0,(anonymous_23)
FNDA:0,(anonymous_24)
DA:10,0
DA:33,0
DA:35,0
DA:36,0
DA:38,0
DA:39,0
DA:41,0
DA:42,0
DA:44,0
DA:47,0
DA:48,0
DA:49,0
DA:51,0
DA:54,0
DA:56,0
DA:58,0
DA:59,0
DA:62,0
DA:63,0
DA:66,0
DA:67,0
DA:68,0
DA:69,0
DA:70,0
DA:74,0
DA:75,0
DA:77,0
DA:80,0
DA:81,0
DA:82,0
DA:83,0
DA:86,0
DA:87,0
DA:90,0
DA:91,0
DA:92,0
DA:96,0
DA:101,0
DA:128,0
DA:139,0
DA:140,0
DA:168,0
DA:179,0
DA:208,0
LF:44
LH:0
BRDA:41,0,0,0
BRDA:41,0,1,0
BRDA:44,1,0,0
BRDA:44,1,1,0
BRDA:48,2,0,0
BRDA:48,2,1,0
BRDA:56,3,0,0
BRDA:56,3,1,0
BRDA:75,4,0,0
BRDA:75,4,1,0
BRDA:82,5,0,0
BRDA:82,5,1,0
BRDA:83,6,0,0
BRDA:83,6,1,0
BRDA:101,7,0,0
BRDA:101,7,1,0
BRDA:133,8,0,0
BRDA:133,8,1,0
BRDA:165,9,0,0
BRDA:165,9,1,0
BRDA:181,10,0,0
BRDA:181,10,1,0
BRDA:202,11,0,0
BRDA:202,11,1,0
BRDA:222,12,0,0
BRDA:222,12,1,0
BRF:26
BRH:0
end_of_record
TN:
SF:src/components/CreateBoardModal/CreateBoardModal.tsx
FN:48,styleForBg
FN:53,CreateBoardModal
FN:61,(anonymous_2)
FN:61,(anonymous_3)
FN:66,(anonymous_4)
FN:69,onKeyDown
FN:74,(anonymous_6)
FN:77,(anonymous_7)
FN:85,handleOverlayMouseDown
FN:131,(anonymous_9)
FN:136,(anonymous_10)
FN:144,(anonymous_11)
FN:149,(anonymous_12)
FN:169,(anonymous_13)
FN:170,(anonymous_14)
FN:188,(anonymous_15)
FN:201,(anonymous_16)
FN:206,(anonymous_17)
FNF:18
FNH:0
FNDA:0,styleForBg
FNDA:0,CreateBoardModal
FNDA:0,(anonymous_2)
FNDA:0,(anonymous_3)
FNDA:0,(anonymous_4)
FNDA:0,onKeyDown
FNDA:0,(anonymous_6)
FNDA:0,(anonymous_7)
FNDA:0,handleOverlayMouseDown
FNDA:0,(anonymous_9)
FNDA:0,(anonymous_10)
FNDA:0,(anonymous_11)
FNDA:0,(anonymous_12)
FNDA:0,(anonymous_13)
FNDA:0,(anonymous_14)
FNDA:0,(anonymous_15)
FNDA:0,(anonymous_16)
FNDA:0,(anonymous_17)
DA:14,0
DA:49,0
DA:50,0
DA:54,0
DA:56,0
DA:57,0
DA:58,0
DA:59,0
DA:61,0
DA:63,0
DA:64,0
DA:66,0
DA:67,0
DA:70,0
DA:73,0
DA:74,0
DA:77,0
DA:78,0
DA:79,0
DA:80,0
DA:81,0
DA:82,0
DA:86,0
DA:89,0
DA:91,0
DA:132,0
DA:136,0
DA:145,0
DA:149,0
DA:169,0
DA:170,0
DA:188,0
DA:201,0
LF:33
LH:0
BRDA:49,0,0,0
BRDA:49,0,1,0
BRDA:61,1,0,0
BRDA:61,1,1,0
BRDA:63,2,0,0
BRDA:63,2,1,0
BRDA:63,3,0,0
BRDA:63,3,1,0
BRDA:67,4,0,0
BRDA:67,4,1,0
BRDA:70,5,0,0
BRDA:70,5,1,0
BRDA:78,6,0,0
BRDA:78,6,1,0
BRDA:86,7,0,0
BRDA:86,7,1,0
BRDA:89,8,0,0
BRDA:89,8,1,0
BRDA:135,9,0,0
BRDA:135,9,1,0
BRDA:148,10,0,0
BRDA:148,10,1,0
BRDA:167,11,0,0
BRDA:167,11,1,0
BRDA:174,12,0,0
BRDA:174,12,1,0
BRF:26
BRH:0
end_of_record
TN:
SF:src/components/EditableText/EditableText.tsx
FN:11,EditableText
FN:15,(anonymous_1)
FN:17,commit
FN:25,(anonymous_3)
FN:35,(anonymous_4)
FN:37,(anonymous_5)
FNF:6
FNH:0
FNDA:0,EditableText
FNDA:0,(anonymous_1)
FNDA:0,commit
FNDA:0,(anonymous_3)
FNDA:0,(anonymous_4)
FNDA:0,(anonymous_5)
DA:12,0
DA:13,0
DA:15,0
DA:18,0
DA:19,0
DA:20,0
DA:23,0
DA:24,0
DA:25,0
DA:31,0
DA:35,0
DA:38,0
DA:39,0
LF:13
LH:0
BRDA:19,0,0,0
BRDA:19,0,1,0
BRDA:19,1,0,0
BRDA:19,1,1,0
BRDA:23,2,0,0
BRDA:23,2,1,0
BRDA:38,3,0,0
BRDA:38,3,1,0
BRDA:39,4,0,0
BRDA:39,4,1,0
BRF:10
BRH:0
end_of_record
TN:
SF:src/components/LabelsPopover/LabelsPopover.tsx
FN:11,LabelsPopover
FN:33,(anonymous_1)
FN:35,(anonymous_2)
FN:39,(anonymous_3)
FN:42,(anonymous_4)
FN:47,onPointerDown
FN:60,(anonymous_6)
FN:85,(anonymous_7)
FN:94,(anonymous_8)
FN:100,(anonymous_9)
FN:109,(anonymous_10)
FNF:11
FNH:0
FNDA:0,LabelsPopover
FNDA:0,(anonymous_1)
FNDA:0,(anonymous_2)
FNDA:0,(anonymous_3)
FNDA:0,(anonymous_4)
FNDA:0,onPointerDown
FNDA:0,(anonymous_6)
FNDA:0,(anonymous_7)
FNDA:0,(anonymous_8)
FNDA:0,(anonymous_9)
FNDA:0,(anonymous_10)
DA:29,0
DA:31,0
DA:33,0
DA:35,0
DA:36,0
DA:37,0
DA:39,0
DA:42,0
DA:43,0
DA:45,0
DA:48,0
DA:50,0
DA:51,0
DA:53,0
DA:54,0
DA:56,0
DA:59,0
DA:60,0
DA:63,0
DA:65,0
DA:85,0
DA:95,0
DA:97,0
DA:100,0
DA:109,0
LF:25
LH:0
BRDA:37,0,0,0
BRDA:37,0,1,0
BRDA:43,1,0,0
BRDA:43,1,1,0
BRDA:53,2,0,0
BRDA:53,2,1,0
BRDA:54,3,0,0
BRDA:54,3,1,0
BRDA:56,4,0,0
BRDA:56,4,1,0
BRDA:56,5,0,0
BRDA:56,5,1,0
BRDA:63,6,0,0
BRDA:63,6,1,0
BRF:14
BRH:0
end_of_record
TN:
SF:src/components/SideMenu/SideMenu.tsx
FN:10,Item
FN:14,(anonymous_1)
FN:24,BoardsIcon
FN:34,TemplatesIcon
FN:46,SideMenu
FNF:5
FNH:0
FNDA:0,Item
FNDA:0,(anonymous_1)
FNDA:0,BoardsIcon
FNDA:0,TemplatesIcon
FNDA:0,SideMenu
DA:11,0
DA:14,0
DA:25,0
DA:35,0
DA:47,0
LF:5
LH:0
BRDA:14,0,0,0
BRDA:14,0,1,0
BRF:2
BRH:0
end_of_record
TN:
SF:src/components/TopBar/TopBar.tsx
FN:6,TrelloMark
FN:16,TopBar
FN:25,(anonymous_2)
FN:28,onPointerDown
FN:44,(anonymous_4)
FN:71,(anonymous_5)
FN:72,(anonymous_6)
FN:84,(anonymous_7)
FN:84,(anonymous_8)
FN:92,(anonymous_9)
FNF:10
FNH:0
FNDA:0,TrelloMark
FNDA:0,TopBar
FNDA:0,(anonymous_2)
FNDA:0,onPointerDown
FNDA:0,(anonymous_4)
FNDA:0,(anonymous_5)
FNDA:0,(anonymous_6)
FNDA:0,(anonymous_7)
FNDA:0,(anonymous_8)
FNDA:0,(anonymous_9)
DA:7,0
DA:17,0
DA:19,0
DA:20,0
DA:22,0
DA:23,0
DA:25,0
DA:26,0
DA:29,0
DA:31,0
DA:32,0
DA:34,0
DA:35,0
DA:37,0
DA:38,0
DA:39,0
DA:43,0
DA:44,0
DA:47,0
DA:72,0
DA:73,0
DA:84,0
DA:93,0
DA:94,0
LF:24
LH:0
BRDA:26,0,0,0
BRDA:26,0,1,0
BRDA:34,1,0,0
BRDA:34,1,1,0
BRDA:35,2,0,0
BRDA:35,2,1,0
BRDA:37,3,0,0
BRDA:37,3,1,0
BRDA:37,4,0,0
BRDA:37,4,1,0
BRDA:79,5,0,0
BRDA:79,5,1,0
BRDA:100,6,0,0
BRDA:100,6,1,0
BRF:14
BRH:0
end_of_record
TN:
SF:src/config/api.ts
FNF:0
FNH:0
DA:1,0
LF:1
LH:0
BRF:0
BRH:0
end_of_record
TN:
SF:src/constants/labels.ts
FNF:0
FNH:0
DA:3,1
LF:1
LH:1
BRF:0
BRH:0
end_of_record
TN:
SF:src/hooks/useAddCardComposer.ts
FN:4,useAddCardComposer
FN:15,(anonymous_1)
FN:22,(anonymous_2)
FN:27,(anonymous_3)
FN:31,(anonymous_4)
FNF:5
FNH:0
FNDA:0,useAddCardComposer
FNDA:0,(anonymous_1)
FNDA:0,(anonymous_2)
FNDA:0,(anonymous_3)
FNDA:0,(anonymous_4)
DA:11,0
DA:12,0
DA:13,0
DA:15,0
DA:16,0
DA:17,0
DA:20,0
DA:22,0
DA:27,0
DA:28,0
DA:31,0
DA:32,0
DA:33,0
DA:35,0
DA:37,0
DA:38,0
DA:41,0
LF:17
LH:0
BRDA:33,0,0,0
BRDA:33,0,1,0
BRF:2
BRH:0
end_of_record
TN:
SF:src/hooks/useBoard.ts
FN:9,useBoard
FN:12,(anonymous_1)
FN:15,load
FN:28,(anonymous_3)
FN:33,renameBoard
FN:38,(anonymous_5)
FN:47,(anonymous_6)
FN:51,deleteBoard
FNF:8
FNH:0
FNDA:0,useBoard
FNDA:0,(anonymous_1)
FNDA:0,load
FNDA:0,(anonymous_3)
FNDA:0,renameBoard
FNDA:0,(anonymous_5)
FNDA:0,(anonymous_6)
FNDA:0,deleteBoard
DA:10,0
DA:12,0
DA:13,0
DA:16,0
DA:18,0
DA:19,0
DA:20,0
DA:21,0
DA:23,0
DA:27,0
DA:28,0
DA:29,0
DA:34,0
DA:35,0
DA:37,0
DA:38,0
DA:40,0
DA:41,0
DA:47,0
DA:52,0
DA:54,0
DA:55,0
DA:56,0
DA:58,0
DA:62,0
LF:25
LH:0
BRDA:16,0,0,0
BRDA:16,0,1,0
BRDA:21,1,0,0
BRDA:21,1,1,0
BRDA:23,2,0,0
BRDA:23,2,1,0
BRDA:35,3,0,0
BRDA:35,3,1,0
BRDA:35,4,0,0
BRDA:35,4,1,0
BRDA:37,5,0,0
BRDA:37,5,1,0
BRDA:38,6,0,0
BRDA:38,6,1,0
BRDA:47,7,0,0
BRDA:47,7,1,0
BRDA:52,8,0,0
BRDA:52,8,1,0
BRF:18
BRH:0
end_of_record
TN:
SF:src/hooks/useBoards.ts
FN:11,getBoardBackgroundUrl
FN:15,useBoards
FN:19,(anonymous_2)
FN:22,load
FN:35,(anonymous_4)
FN:40,createBoard
FN:48,(anonymous_6)
FNF:7
FNH:0
FNDA:0,getBoardBackgroundUrl
FNDA:0,useBoards
FNDA:0,(anonymous_2)
FNDA:0,load
FNDA:0,(anonymous_4)
FNDA:0,createBoard
FNDA:0,(anonymous_6)
DA:12,0
DA:16,0
DA:17,0
DA:19,0
DA:20,0
DA:23,0
DA:24,0
DA:25,0
DA:26,0
DA:28,0
DA:30,0
DA:34,0
DA:35,0
DA:36,0
DA:41,0
DA:47,0
DA:48,0
DA:50,0
DA:53,0
LF:19
LH:0
BRDA:12,0,0,0
BRDA:12,0,1,0
BRDA:12,0,2,0
BRDA:26,1,0,0
BRDA:26,1,1,0
BRDA:26,2,0,0
BRDA:26,2,1,0
BRDA:28,3,0,0
BRDA:28,3,1,0
BRDA:30,4,0,0
BRDA:30,4,1,0
BRF:11
BRH:0
end_of_record
TN:
SF:src/hooks/useClickOutside.ts
FN:3,useClickOutside
FN:14,(anonymous_1)
FN:19,onPointerDown
FN:22,(anonymous_3)
FN:31,(anonymous_4)
FNF:5
FNH:0
FNDA:0,useClickOutside
FNDA:0,(anonymous_1)
FNDA:0,onPointerDown
FNDA:0,(anonymous_3)
FNDA:0,(anonymous_4)
DA:14,0
DA:15,0
DA:17,0
DA:20,0
DA:22,0
DA:23,0
DA:24,0
DA:27,0
DA:30,0
DA:31,0
LF:10
LH:0
BRDA:7,0,0,0
BRDA:15,1,0,0
BRDA:15,1,1,0
BRDA:24,2,0,0
BRDA:24,2,1,0
BRDA:27,3,0,0
BRDA:27,3,1,0
BRF:7
BRH:0
end_of_record
TN:
SF:src/hooks/useListMenu.ts
FN:4,useListMenu
FN:10,(anonymous_1)
FN:11,(anonymous_2)
FNF:3
FNH:0
FNDA:0,useListMenu
FNDA:0,(anonymous_1)
FNDA:0,(anonymous_2)
DA:5,0
DA:6,0
DA:8,0
DA:10,0
DA:11,0
DA:15,0
LF:6
LH:0
BRF:0
BRH:0
end_of_record
TN:
SF:src/hooks/useLists.ts
FN:6,useLists
FN:12,(anonymous_1)
FN:15,load
FN:30,(anonymous_3)
FN:52,(anonymous_4)
FN:57,addList
FN:69,(anonymous_6)
FN:75,renameList
FN:76,(anonymous_8)
FN:77,(anonymous_9)
FN:77,(anonymous_10)
FN:86,(anonymous_11)
FN:86,(anonymous_12)
FN:90,deleteList
FN:91,(anonymous_14)
FN:91,(anonymous_15)
FN:92,(anonymous_16)
FN:105,addCard
FN:118,(anonymous_18)
FN:127,renameCard
FN:131,(anonymous_20)
FN:137,(anonymous_21)
FN:139,(anonymous_22)
FN:156,(anonymous_23)
FN:158,(anonymous_24)
FN:165,deleteCard
FN:166,(anonymous_26)
FN:168,(anonymous_27)
FN:178,persistListPositions
FN:180,(anonymous_29)
FN:190,reorderLists
FN:199,moveCardBetweenListsPreview
FN:205,(anonymous_32)
FN:209,(anonymous_33)
FN:212,(anonymous_34)
FN:226,commitCardsMove
FN:234,(anonymous_36)
FN:250,persistCardPositions
FN:252,(anonymous_38)
FN:265,(anonymous_39)
FN:272,reorderCards
FN:273,(anonymous_41)
FNF:42
FNH:0
FNDA:0,useLists
FNDA:0,(anonymous_1)
FNDA:0,load
FNDA:0,(anonymous_3)
FNDA:0,(anonymous_4)
FNDA:0,addList
FNDA:0,(anonymous_6)
FNDA:0,renameList
FNDA:0,(anonymous_8)
FNDA:0,(anonymous_9)
FNDA:0,(anonymous_10)
FNDA:0,(anonymous_11)
FNDA:0,(anonymous_12)
FNDA:0,deleteList
FNDA:0,(anonymous_14)
FNDA:0,(anonymous_15)
FNDA:0,(anonymous_16)
FNDA:0,addCard
FNDA:0,(anonymous_18)
FNDA:0,renameCard
FNDA:0,(anonymous_20)
FNDA:0,(anonymous_21)
FNDA:0,(anonymous_22)
FNDA:0,(anonymous_23)
FNDA:0,(anonymous_24)
FNDA:0,deleteCard
FNDA:0,(anonymous_26)
FNDA:0,(anonymous_27)
FNDA:0,persistListPositions
FNDA:0,(anonymous_29)
FNDA:0,reorderLists
FNDA:0,moveCardBetweenListsPreview
FNDA:0,(anonymous_32)
FNDA:0,(anonymous_33)
FNDA:0,(anonymous_34)
FNDA:0,commitCardsMove
FNDA:0,(anonymous_36)
FNDA:0,persistCardPositions
FNDA:0,(anonymous_38)
FNDA:0,(anonymous_39)
FNDA:0,reorderCards
FNDA:0,(anonymous_41)
DA:7,0
DA:8,0
DA:9,0
DA:10,0
DA:12,0
DA:13,0
DA:16,0
DA:18,0
DA:19,0
DA:21,0
DA:22,0
DA:23,0
DA:24,0
DA:26,0
DA:27,0
DA:29,0
DA:31,0
DA:32,0
DA:33,0
DA:37,0
DA:39,0
DA:40,0
DA:41,0
DA:44,0
DA:45,0
DA:46,0
DA:51,0
DA:52,0
DA:53,0
DA:58,0
DA:59,0
DA:61,0
DA:62,0
DA:68,0
DA:69,0
DA:76,0
DA:77,0
DA:79,0
DA:80,0
DA:86,0
DA:91,0
DA:92,0
DA:93,0
DA:94,0
DA:95,0
DA:98,0
DA:99,0
DA:106,0
DA:107,0
DA:109,0
DA:110,0
DA:116,0
DA:118,0
DA:128,0
DA:129,0
DA:131,0
DA:132,0
DA:134,0
DA:135,0
DA:137,0
DA:139,0
DA:142,0
DA:143,0
DA:154,0
DA:156,0
DA:159,0
DA:166,0
DA:168,0
DA:171,0
DA:172,0
DA:179,0
DA:180,0
DA:191,0
DA:192,0
DA:193,0
DA:205,0
DA:206,0
DA:207,0
DA:209,0
DA:210,0
DA:212,0
DA:213,0
DA:215,0
DA:216,0
DA:218,0
DA:232,0
DA:234,0
DA:240,0
DA:241,0
DA:242,0
DA:243,0
DA:246,0
DA:251,0
DA:253,0
DA:264,0
DA:265,0
DA:266,0
DA:273,0
DA:278,0
DA:281,0
LF:100
LH:0
BRDA:16,0,0,0
BRDA:16,0,1,0
BRDA:24,1,0,0
BRDA:24,1,1,0
BRDA:26,2,0,0
BRDA:26,2,1,0
BRDA:33,3,0,0
BRDA:33,3,1,0
BRDA:37,4,0,0
BRDA:37,4,1,0
BRDA:39,5,0,0
BRDA:39,5,1,0
BRDA:44,6,0,0
BRDA:44,6,1,0
BRDA:59,7,0,0
BRDA:59,7,1,0
BRDA:59,8,0,0
BRDA:59,8,1,0
BRDA:76,9,0,0
BRDA:76,9,1,0
BRDA:77,10,0,0
BRDA:77,10,1,0
BRDA:86,11,0,0
BRDA:86,11,1,0
BRDA:107,12,0,0
BRDA:107,12,1,0
BRDA:120,13,0,0
BRDA:120,13,1,0
BRDA:129,14,0,0
BRDA:129,14,1,0
BRDA:132,15,0,0
BRDA:132,15,1,0
BRDA:139,16,0,0
BRDA:139,16,1,0
BRDA:139,17,0,0
BRDA:139,17,1,0
BRDA:154,18,0,0
BRDA:154,18,1,0
BRDA:158,19,0,0
BRDA:158,19,1,0
BRDA:159,20,0,0
BRDA:159,20,1,0
BRDA:168,21,0,0
BRDA:168,21,1,0
BRDA:206,22,0,0
BRDA:206,22,1,0
BRDA:207,23,0,0
BRDA:207,23,1,0
BRDA:210,24,0,0
BRDA:210,24,1,0
BRDA:242,25,0,0
BRDA:242,25,1,0
BRDA:264,26,0,0
BRDA:264,26,1,0
BRF:54
BRH:0
end_of_record
TN:
SF:src/hooks/useSortableLists.ts
FN:5,useSortableLists
FN:17,onDragEnd
FN:21,(anonymous_2)
FN:22,(anonymous_3)
FNF:4
FNH:0
FNDA:0,useSortableLists
FNDA:0,onDragEnd
FNDA:0,(anonymous_2)
FNDA:0,(anonymous_3)
DA:12,0
DA:18,0
DA:19,0
DA:21,0
DA:22,0
DA:23,0
DA:25,0
DA:26,0
DA:29,0
LF:9
LH:0
BRDA:19,0,0,0
BRDA:19,0,1,0
BRDA:19,1,0,0
BRDA:19,1,1,0
BRDA:23,2,0,0
BRDA:23,2,1,0
BRDA:23,3,0,0
BRDA:23,3,1,0
BRF:8
BRH:0
end_of_record
TN:
SF:src/hooks/useSortableStyle.ts
FN:4,useSortableStyle
FNF:1
FNH:0
FNDA:0,useSortableStyle
DA:13,0
DA:15,0
DA:23,0
LF:3
LH:0
BRDA:17,0,0,0
BRDA:17,0,1,0
BRDA:17,1,0,0
BRDA:17,1,1,0
BRDA:20,2,0,0
BRDA:20,2,1,0
BRF:6
BRH:0
end_of_record
TN:
SF:src/pages/BoardPage/BoardPage.tsx
FN:16,BoardPage
FN:46,updateCardLabels
FN:47,(anonymous_2)
FN:52,(anonymous_3)
FN:64,(anonymous_4)
FN:90,(anonymous_5)
FN:91,(anonymous_6)
FN:92,(anonymous_7)
FN:96,(anonymous_8)
FNF:9
FNH:0
FNDA:0,BoardPage
FNDA:0,updateCardLabels
FNDA:0,(anonymous_2)
FNDA:0,(anonymous_3)
FNDA:0,(anonymous_4)
FNDA:0,(anonymous_5)
FNDA:0,(anonymous_6)
FNDA:0,(anonymous_7)
FNDA:0,(anonymous_8)
DA:17,0
DA:18,0
DA:20,0
DA:37,0
DA:39,0
DA:44,0
DA:47,0
DA:48,0
DA:52,0
DA:53,0
DA:57,0
DA:65,0
DA:66,0
DA:90,0
DA:91,0
DA:93,0
DA:94,0
DA:97,0
LF:18
LH:0
BRDA:48,0,0,0
BRDA:48,0,1,0
BRDA:48,1,0,0
BRDA:48,1,1,0
BRDA:53,2,0,0
BRDA:53,2,1,0
BRDA:62,3,0,0
BRDA:62,3,1,0
BRDA:66,4,0,0
BRDA:66,4,1,0
BRDA:73,5,0,0
BRDA:73,5,1,0
BRDA:87,6,0,0
BRDA:87,6,1,0
BRF:14
BRH:0
end_of_record
TN:
SF:src/pages/BoardsPage/BoardsPage.tsx
FN:11,BoardsPage
FN:18,handleCreateBoard
FN:32,(anonymous_2)
FN:40,(anonymous_3)
FN:56,(anonymous_4)
FN:66,(anonymous_5)
FNF:6
FNH:0
FNDA:0,BoardsPage
FNDA:0,handleCreateBoard
FNDA:0,(anonymous_2)
FNDA:0,(anonymous_3)
FNDA:0,(anonymous_4)
FNDA:0,(anonymous_5)
DA:12,0
DA:14,0
DA:16,0
DA:19,0
DA:20,0
DA:21,0
DA:24,0
DA:33,0
DA:35,0
DA:40,0
DA:56,0
DA:66,0
LF:12
LH:0
BRDA:44,0,0,0
BRDA:44,0,1,0
BRF:2
BRH:0
end_of_record
TN:
SF:src/pages/Homepage/HomePage.tsx
FN:4,HomePage
FN:7,handleSignUpClick
FN:11,handleLogInClick
FNF:3
FNH:0
FNDA:0,HomePage
FNDA:0,handleSignUpClick
FNDA:0,handleLogInClick
DA:5,0
DA:8,0
DA:12,0
DA:15,0
LF:4
LH:0
BRF:0
BRH:0
end_of_record
TN:
SF:src/pages/LogInPage/LogInPage.tsx
FN:6,TrelloLogo
FN:16,LogInPage
FN:24,handleSubmit
FN:69,(anonymous_3)
FN:81,(anonymous_4)
FNF:5
FNH:0
FNDA:0,TrelloLogo
FNDA:0,LogInPage
FNDA:0,handleSubmit
FNDA:0,(anonymous_3)
FNDA:0,(anonymous_4)
DA:7,0
DA:17,0
DA:19,0
DA:20,0
DA:22,0
DA:25,0
DA:26,0
DA:28,0
DA:34,0
DA:35,0
DA:36,0
DA:39,0
DA:41,0
DA:42,0
DA:43,0
DA:45,0
DA:49,0
DA:69,0
DA:81,0
LF:19
LH:0
BRDA:34,0,0,0
BRDA:34,0,1,0
BRDA:41,1,0,0
BRDA:41,1,1,0
BRDA:84,2,0,0
BRDA:84,2,1,0
BRF:6
BRH:0
end_of_record
TN:
SF:src/pages/SignUpPage/SignUpPage.tsx
FN:6,TrelloLogo
FN:16,SignUpPage
FN:25,handleSubmit
FN:80,(anonymous_3)
FN:92,(anonymous_4)
FN:104,(anonymous_5)
FN:116,(anonymous_6)
FNF:7
FNH:0
FNDA:0,TrelloLogo
FNDA:0,SignUpPage
FNDA:0,handleSubmit
FNDA:0,(anonymous_3)
FNDA:0,(anonymous_4)
FNDA:0,(anonymous_5)
FNDA:0,(anonymous_6)
DA:7,0
DA:17,0
DA:19,0
DA:20,0
DA:21,0
DA:22,0
DA:23,0
DA:26,0
DA:27,0
DA:29,0
DA:30,0
DA:31,0
DA:33,0
DA:34,0
DA:35,0
DA:37,0
DA:38,0
DA:39,0
DA:42,0
DA:43,0
DA:49,0
DA:50,0
DA:51,0
DA:52,0
DA:54,0
DA:57,0
DA:61,0
DA:80,0
DA:92,0
DA:104,0
DA:116,0
LF:31
LH:0
BRDA:29,0,0,0
BRDA:29,0,1,0
BRDA:29,1,0,0
BRDA:29,1,1,0
BRDA:29,1,2,0
BRDA:29,1,3,0
BRDA:33,2,0,0
BRDA:33,2,1,0
BRDA:37,3,0,0
BRDA:37,3,1,0
BRDA:49,4,0,0
BRDA:49,4,1,0
BRDA:51,5,0,0
BRDA:51,5,1,0
BRDA:119,6,0,0
BRDA:119,6,1,0
BRF:16
BRH:0
end_of_record
TN:
SF:src/pages/TemplatesPage/TemplatesPage.tsx
FN:5,TemplatesPage
FNF:1
FNH:0
FNDA:0,TemplatesPage
DA:6,0
LF:1
LH:0
BRF:0
BRH:0
end_of_record
TN:
SF:src/theme/ThemeProvider.tsx
FN:19,ThemeProvider
FN:20,(anonymous_1)
FN:21,(anonymous_2)
FN:25,(anonymous_3)
FN:32,(anonymous_4)
FN:36,(anonymous_5)
FN:46,(anonymous_6)
FN:51,(anonymous_7)
FN:55,(anonymous_8)
FN:66,useTheme
FNF:10
FNH:0
FNDA:0,ThemeProvider
FNDA:0,(anonymous_1)
FNDA:0,(anonymous_2)
FNDA:0,(anonymous_3)
FNDA:0,(anonymous_4)
FNDA:0,(anonymous_5)
FNDA:0,(anonymous_6)
FNDA:0,(anonymous_7)
FNDA:0,(anonymous_8)
FNDA:0,useTheme
DA:17,0
DA:20,0
DA:21,0
DA:25,0
DA:26,0
DA:27,0
DA:28,0
DA:29,0
DA:32,0
DA:33,0
DA:35,0
DA:36,0
DA:37,0
DA:38,0
DA:39,0
DA:42,0
DA:44,0
DA:45,0
DA:46,0
DA:50,0
DA:51,0
DA:54,0
DA:55,0
DA:63,0
DA:67,0
DA:68,0
DA:69,0
LF:27
LH:0
BRDA:33,0,0,0
BRDA:33,0,1,0
BRDA:44,1,0,0
BRDA:44,1,1,0
BRDA:68,2,0,0
BRDA:68,2,1,0
BRF:6
BRH:0
end_of_record
TN:
SF:src/theme/bootstrapTheme.ts
FN:5,readThemePreference
FN:11,getSystemTheme
FN:15,resolveTheme
FN:19,applyThemeToDocument
FN:24,bootstrapTheme
FN:34,writeThemePreference
FNF:6
FNH:0
FNDA:0,readThemePreference
FNDA:0,getSystemTheme
FNDA:0,resolveTheme
FNDA:0,applyThemeToDocument
FNDA:0,bootstrapTheme
FNDA:0,writeThemePreference
DA:3,0
DA:6,0
DA:7,0
DA:8,0
DA:12,0
DA:16,0
DA:20,0
DA:25,0
DA:26,0
DA:27,0
DA:28,0
DA:30,0
DA:35,0
LF:13
LH:0
BRDA:7,0,0,0
BRDA:7,0,1,0
BRDA:7,1,0,0
BRDA:7,1,1,0
BRDA:7,1,2,0
BRDA:12,2,0,0
BRDA:12,2,1,0
BRDA:16,3,0,0
BRDA:16,3,1,0
BRF:9
BRH:0
end_of_record
